{"name": "test_login_with_valid_credentials[deepak22080322@gmail.com-Deepak@08]", "status": "broken", "statusDetails": {"message": "selenium.common.exceptions.StaleElementReferenceException: Message: stale element reference: stale element not found\n  (Session info: chrome=143.0.7499.148); For documentation on this error, please visit: https://www.selenium.dev/documentation/webdriver/troubleshooting/errors#staleelementreferenceexception\nStacktrace:\nSymbols not available. Dumping unresolved backtrace:\n\t0x7ff60da788e5\n\t0x7ff60da78940\n\t0x7ff60d85165d\n\t0x7ff60d867ed3\n\t0x7ff60d8669d3\n\t0x7ff60d85a006\n\t0x7ff60d857f4c\n\t0x7ff60d85c3b4\n\t0x7ff60d85c47f\n\t0x7ff60d8abc4c\n\t0x7ff60d89cdec\n\t0x7ff60d8d1fda\n\t0x7ff60d89c746\n\t0x7ff60d8fac97\n\t0x7ff60d89ac29\n\t0x7ff60d89ba93\n\t0x7ff60dd90640\n\t0x7ff60dd8af80\n\t0x7ff60dda96e6\n\t0x7ff60da95de4\n\t0x7ff60da9ed8c\n\t0x7ff60da82004\n\t0x7ff60da821b5\n\t0x7ff60da67ee2\n\t0x7ffc1111e8d7\n\t0x7ffc129ec53c", "trace": "self = <tests.test_login.TestLogin object at 0x0000020E0FB2C880>, email_address = 'deepak22080322@gmail.com', password = 'Deepak@08'\n\n    @pytest.mark.parametrize(\n        \"email_address,password\",\n        EXCELUtils.get_data_from_excel(\n            \"ExcelFiles/ToturialNinja.xlsx\",\n            \"Sheet1\"\n        )\n    )\n    \n    def test_login_with_valid_credentials(self, email_address, password):\n        home_page= HomePage(self.driver)\n        login_page = home_page.navigate_to_login_page()\n        login_page.login_to_application(email_address, password)\n        #login_to_application(\"deepak22080320@gmail.com\", \"Deepak@08\" )\n>       account_page = login_page.click_on_login_button()\n\ntests\\test_login.py:26: \n_ _ _ _ _ _ _ _ _ _ _ _ _ _ _ _ _ _ _ _ _ _ _ _ _ _ _ _ _ _ _ _ _ _ _ _ _ _ _ _ _ _ _ _ _ _ _ _ _ _ _ _ _ _ _ _ _ _ _ _ _ _ _ _ _ _ _ _ _ _ _ _ _ _ _ _ _ _ _ _ _ _ _ _ _ _ _ _ _ \nPOM\\LoginPage.py:29: in click_on_login_button\n    self.click_on_element(\"login_button_xpath\", self.login_button_xpath)\nPOM\\BasePage.py:23: in click_on_element\n    element.click()\n.venv\\lib\\site-packages\\selenium\\webdriver\\remote\\webelement.py:119: in click\n    self._execute(Command.CLICK_ELEMENT)\n.venv\\lib\\site-packages\\selenium\\webdriver\\remote\\webelement.py:572: in _execute\n    return self._parent.execute(command, params)\n.venv\\lib\\site-packages\\selenium\\webdriver\\remote\\webdriver.py:458: in execute\n    self.error_handler.check_response(response)\n_ _ _ _ _ _ _ _ _ _ _ _ _ _ _ _ _ _ _ _ _ _ _ _ _ _ _ _ _ _ _ _ _ _ _ _ _ _ _ _ _ _ _ _ _ _ _ _ _ _ _ _ _ _ _ _ _ _ _ _ _ _ _ _ _ _ _ _ _ _ _ _ _ _ _ _ _ _ _ _ _ _ _ _ _ _ _ _ _ \n\nself = <selenium.webdriver.remote.errorhandler.ErrorHandler object at 0x0000020E0FBC8370>\nresponse = {'status': 404, 'value': '{\"value\":{\"error\":\"stale element reference\",\"message\":\"stale element reference: stale elemen...ff60da9ed8c\\\\n\\\\t0x7ff60da82004\\\\n\\\\t0x7ff60da821b5\\\\n\\\\t0x7ff60da67ee2\\\\n\\\\t0x7ffc1111e8d7\\\\n\\\\t0x7ffc129ec53c\\\\n\"}}'}\n\n    def check_response(self, response: dict[str, Any]) -> None:\n        \"\"\"Checks that a JSON response from the WebDriver does not have an\n        error.\n    \n        :Args:\n         - response - The JSON response from the WebDriver server as a dictionary\n           object.\n    \n        :Raises: If the response contains an error message.\n        \"\"\"\n        status = response.get(\"status\", None)\n        if not status or status == ErrorCode.SUCCESS:\n            return\n        value = None\n        message = response.get(\"message\", \"\")\n        screen: str = response.get(\"screen\", \"\")\n        stacktrace = None\n        if isinstance(status, int):\n            value_json = response.get(\"value\", None)\n            if value_json and isinstance(value_json, str):\n                try:\n                    value = json.loads(value_json)\n                    if isinstance(value, dict):\n                        if len(value) == 1:\n                            value = value[\"value\"]\n                        status = value.get(\"error\", None)\n                        if not status:\n                            status = value.get(\"status\", ErrorCode.UNKNOWN_ERROR)\n                            message = value.get(\"value\") or value.get(\"message\")\n                            if not isinstance(message, str):\n                                value = message\n                                message = message.get(\"message\") if isinstance(message, dict) else None\n                        else:\n                            message = value.get(\"message\", None)\n                except ValueError:\n                    pass\n    \n        exception_class: type[WebDriverException]\n        e = ErrorCode()\n        error_codes = [item for item in dir(e) if not item.startswith(\"__\")]\n        for error_code in error_codes:\n            error_info = getattr(ErrorCode, error_code)\n            if isinstance(error_info, list) and status in error_info:\n                exception_class = getattr(ExceptionMapping, error_code, WebDriverException)\n                break\n        else:\n            exception_class = WebDriverException\n    \n        if not value:\n            value = response[\"value\"]\n        if isinstance(value, str):\n            raise exception_class(value)\n        if message == \"\" and \"message\" in value:\n            message = value[\"message\"]\n    \n        screen = None  # type: ignore[assignment]\n        if \"screen\" in value:\n            screen = value[\"screen\"]\n    \n        stacktrace = None\n        st_value = value.get(\"stackTrace\") or value.get(\"stacktrace\")\n        if st_value:\n            if isinstance(st_value, str):\n                stacktrace = st_value.split(\"\\n\")\n            else:\n                stacktrace = []\n                try:\n                    for frame in st_value:\n                        line = frame.get(\"lineNumber\", \"\")\n                        file = frame.get(\"fileName\", \"<anonymous>\")\n                        if line:\n                            file = f\"{file}:{line}\"\n                        meth = frame.get(\"methodName\", \"<anonymous>\")\n                        if \"className\" in frame:\n                            meth = f\"{frame['className']}.{meth}\"\n                        msg = \"    at %s (%s)\"\n                        msg = msg % (meth, file)\n                        stacktrace.append(msg)\n                except TypeError:\n                    pass\n        if exception_class == UnexpectedAlertPresentException:\n            alert_text = None\n            if \"data\" in value:\n                alert_text = value[\"data\"].get(\"text\")\n            elif \"alert\" in value:\n                alert_text = value[\"alert\"].get(\"text\")\n            raise exception_class(message, screen, stacktrace, alert_text)  # type: ignore[call-arg]  # mypy is not smart enough here\n>       raise exception_class(message, screen, stacktrace)\nE       selenium.common.exceptions.StaleElementReferenceException: Message: stale element reference: stale element not found\nE         (Session info: chrome=143.0.7499.148); For documentation on this error, please visit: https://www.selenium.dev/documentation/webdriver/troubleshooting/errors#staleelementreferenceexception\nE       Stacktrace:\nE       Symbols not available. Dumping unresolved backtrace:\nE       \t0x7ff60da788e5\nE       \t0x7ff60da78940\nE       \t0x7ff60d85165d\nE       \t0x7ff60d867ed3\nE       \t0x7ff60d8669d3\nE       \t0x7ff60d85a006\nE       \t0x7ff60d857f4c\nE       \t0x7ff60d85c3b4\nE       \t0x7ff60d85c47f\nE       \t0x7ff60d8abc4c\nE       \t0x7ff60d89cdec\nE       \t0x7ff60d8d1fda\nE       \t0x7ff60d89c746\nE       \t0x7ff60d8fac97\nE       \t0x7ff60d89ac29\nE       \t0x7ff60d89ba93\nE       \t0x7ff60dd90640\nE       \t0x7ff60dd8af80\nE       \t0x7ff60dda96e6\nE       \t0x7ff60da95de4\nE       \t0x7ff60da9ed8c\nE       \t0x7ff60da82004\nE       \t0x7ff60da821b5\nE       \t0x7ff60da67ee2\nE       \t0x7ffc1111e8d7\nE       \t0x7ffc129ec53c\n\n.venv\\lib\\site-packages\\selenium\\webdriver\\remote\\errorhandler.py:232: StaleElementReferenceException"}, "parameters": [{"name": "email_address", "value": "'deepak22080322@gmail.com'"}, {"name": "password", "value": "'Deepak@08'"}], "start": 1766389722852, "stop": 1766389724879, "uuid": "337433ba-589d-424c-97fe-463b6616a610", "historyId": "ba20a7efbf214d8fcf6f1f19a69334cc", "testCaseId": "bcb422e3ab6afdc1314efb947a818358", "fullName": "tests.test_login.TestLogin#test_login_with_valid_credentials", "labels": [{"name": "parentSuite", "value": "tests"}, {"name": "suite", "value": "test_login"}, {"name": "subSuite", "value": "TestLogin"}, {"name": "host", "value": "LAPTOP-CJD14FBS"}, {"name": "thread", "value": "12128-MainThread"}, {"name": "framework", "value": "pytest"}, {"name": "language", "value": "cpython3"}, {"name": "package", "value": "tests.test_login"}], "titlePath": ["tests", "test_login.py", "TestLogin"]}