{"name": "test_login_with_valid_credentials[deepak22080320@gmail.com-Deepak@08]", "status": "broken", "statusDetails": {"message": "selenium.common.exceptions.TimeoutException: Message: \nStacktrace:\nSymbols not available. Dumping unresolved backtrace:\n\t0x7ff60da788e5\n\t0x7ff60da78940\n\t0x7ff60d85165d\n\t0x7ff60d8a9a33\n\t0x7ff60d8a9d3c\n\t0x7ff60d8fdf67\n\t0x7ff60d8fac97\n\t0x7ff60d89ac29\n\t0x7ff60d89ba93\n\t0x7ff60dd90640\n\t0x7ff60dd8af80\n\t0x7ff60dda96e6\n\t0x7ff60da95de4\n\t0x7ff60da9ed8c\n\t0x7ff60da82004\n\t0x7ff60da821b5\n\t0x7ff60da67ee2\n\t0x7ffc1111e8d7\n\t0x7ffc129ec53c", "trace": "self = <tests.test_login.TestLogin object at 0x0000020E0FB2CDF0>, email_address = 'deepak22080320@gmail.com', password = 'Deepak@08'\n\n    @pytest.mark.parametrize(\n        \"email_address,password\",\n        EXCELUtils.get_data_from_excel(\n            \"ExcelFiles/ToturialNinja.xlsx\",\n            \"Sheet1\"\n        )\n    )\n    \n    def test_login_with_valid_credentials(self, email_address, password):\n        home_page= HomePage(self.driver)\n        login_page = home_page.navigate_to_login_page()\n        login_page.login_to_application(email_address, password)\n        #login_to_application(\"deepak22080320@gmail.com\", \"Deepak@08\" )\n>       account_page = login_page.click_on_login_button()\n\ntests\\test_login.py:26: \n_ _ _ _ _ _ _ _ _ _ _ _ _ _ _ _ _ _ _ _ _ _ _ _ _ _ _ _ _ _ _ _ _ _ _ _ _ _ _ _ _ _ _ _ _ _ _ _ _ _ _ _ _ _ _ _ _ _ _ _ _ _ _ _ _ _ _ _ _ _ _ _ _ _ _ _ _ _ _ _ _ _ _ _ _ _ _ _ _ \nPOM\\LoginPage.py:29: in click_on_login_button\n    self.click_on_element(\"login_button_xpath\", self.login_button_xpath)\nPOM\\BasePage.py:21: in click_on_element\n    element = self.get_element(locator_name,  locator_value)\nPOM\\BasePage.py:61: in get_element\n    return wait.until(EC.presence_of_element_located((By.XPATH, locator_value)))\n_ _ _ _ _ _ _ _ _ _ _ _ _ _ _ _ _ _ _ _ _ _ _ _ _ _ _ _ _ _ _ _ _ _ _ _ _ _ _ _ _ _ _ _ _ _ _ _ _ _ _ _ _ _ _ _ _ _ _ _ _ _ _ _ _ _ _ _ _ _ _ _ _ _ _ _ _ _ _ _ _ _ _ _ _ _ _ _ _ \n\nself = <selenium.webdriver.support.wait.WebDriverWait (session=\"8700560d9e841fd76a09abbd64007db1\")>\nmethod = <function presence_of_element_located.<locals>._predicate at 0x0000020E0FB20280>, message = ''\n\n    def until(self, method: Callable[[D], Union[Literal[False], T]], message: str = \"\") -> T:\n        \"\"\"Wait until the method returns a value that is not False.\n    \n        Calls the method provided with the driver as an argument until the\n        return value does not evaluate to ``False``.\n    \n        Parameters:\n        -----------\n        method: callable(WebDriver)\n            - A callable object that takes a WebDriver instance as an argument.\n    \n        message: str\n            - Optional message for :exc:`TimeoutException`\n    \n        Return:\n        -------\n        object: T\n            - The result of the last call to `method`\n    \n        Raises:\n        -------\n        TimeoutException\n            - If 'method' does not return a truthy value within the WebDriverWait\n            object's timeout\n    \n        Example:\n        --------\n        >>> from selenium.webdriver.common.by import By\n        >>> from selenium.webdriver.support.ui import WebDriverWait\n        >>> from selenium.webdriver.support import expected_conditions as EC\n    \n        # Wait until an element is visible on the page\n        >>> wait = WebDriverWait(driver, 10)\n        >>> element = wait.until(EC.visibility_of_element_located((By.ID, \"exampleId\")))\n        >>> print(element.text)\n        \"\"\"\n        screen = None\n        stacktrace = None\n    \n        end_time = time.monotonic() + self._timeout\n        while True:\n            try:\n                value = method(self._driver)\n                if value:\n                    return value\n            except self._ignored_exceptions as exc:\n                screen = getattr(exc, \"screen\", None)\n                stacktrace = getattr(exc, \"stacktrace\", None)\n            if time.monotonic() > end_time:\n                break\n            time.sleep(self._poll)\n>       raise TimeoutException(message, screen, stacktrace)\nE       selenium.common.exceptions.TimeoutException: Message: \nE       Stacktrace:\nE       Symbols not available. Dumping unresolved backtrace:\nE       \t0x7ff60da788e5\nE       \t0x7ff60da78940\nE       \t0x7ff60d85165d\nE       \t0x7ff60d8a9a33\nE       \t0x7ff60d8a9d3c\nE       \t0x7ff60d8fdf67\nE       \t0x7ff60d8fac97\nE       \t0x7ff60d89ac29\nE       \t0x7ff60d89ba93\nE       \t0x7ff60dd90640\nE       \t0x7ff60dd8af80\nE       \t0x7ff60dda96e6\nE       \t0x7ff60da95de4\nE       \t0x7ff60da9ed8c\nE       \t0x7ff60da82004\nE       \t0x7ff60da821b5\nE       \t0x7ff60da67ee2\nE       \t0x7ffc1111e8d7\nE       \t0x7ffc129ec53c\n\n.venv\\lib\\site-packages\\selenium\\webdriver\\support\\wait.py:138: TimeoutException"}, "parameters": [{"name": "email_address", "value": "'deepak22080320@gmail.com'"}, {"name": "password", "value": "'Deepak@08'"}], "start": 1766389701751, "stop": 1766389713024, "uuid": "11048317-b9e5-4e4f-88d1-ffe688762c7d", "historyId": "56ce477e1acf6dff6b48183a2e6d17fa", "testCaseId": "bcb422e3ab6afdc1314efb947a818358", "fullName": "tests.test_login.TestLogin#test_login_with_valid_credentials", "labels": [{"name": "parentSuite", "value": "tests"}, {"name": "suite", "value": "test_login"}, {"name": "subSuite", "value": "TestLogin"}, {"name": "host", "value": "LAPTOP-CJD14FBS"}, {"name": "thread", "value": "12128-MainThread"}, {"name": "framework", "value": "pytest"}, {"name": "language", "value": "cpython3"}, {"name": "package", "value": "tests.test_login"}], "titlePath": ["tests", "test_login.py", "TestLogin"]}