{"name": "test_search_for_an_invalid_product", "status": "failed", "statusDetails": {"message": "AssertionError: assert None == 'There is no product that matches the search criteria.'\n +  where None = retrieve_no_product_message()\n +    where retrieve_no_product_message = <POM.SearchPage.SearchPage object at 0x0000020E0FBC8190>.retrieve_no_product_message", "trace": "self = <tests.test_Search.TestSearch object at 0x0000020E0FACE550>\n\n    def test_search_for_an_invalid_product(self):\n        home_page = HomePage(self.driver)\n        search_page = home_page.search_for_a_product(\"Honda\")\n        expected_test = \"There is no product that matches the search criteria.\"\n>       assert  search_page.retrieve_no_product_message() == expected_test\nE       AssertionError: assert None == 'There is no product that matches the search criteria.'\nE        +  where None = retrieve_no_product_message()\nE        +    where retrieve_no_product_message = <POM.SearchPage.SearchPage object at 0x0000020E0FBC8190>.retrieve_no_product_message\n\ntests\\test_Search.py:22: AssertionError"}, "start": 1766389664093, "stop": 1766389671522, "uuid": "5bab2be0-be31-44e5-ab24-8b5e80ad5505", "historyId": "b7de9accb69ac7537b8295e155f1569f", "testCaseId": "b7de9accb69ac7537b8295e155f1569f", "fullName": "tests.test_Search.TestSearch#test_search_for_an_invalid_product", "labels": [{"name": "parentSuite", "value": "tests"}, {"name": "suite", "value": "test_Search"}, {"name": "subSuite", "value": "TestSearch"}, {"name": "host", "value": "LAPTOP-CJD14FBS"}, {"name": "thread", "value": "12128-MainThread"}, {"name": "framework", "value": "pytest"}, {"name": "language", "value": "cpython3"}, {"name": "package", "value": "tests.test_Search"}], "titlePath": ["tests", "test_Search.py", "TestSearch"]}