{"name": "test_login_with_invalid_email_and_valid_password", "status": "failed", "statusDetails": {"message": "AssertionError: assert False\n +  where False = <method-wrapper '__contains__' of str object at 0x0000020E0C109D30>('Warning: No match for E-Mail Address and/or Password.')\n +    where <method-wrapper '__contains__' of str object at 0x0000020E0C109D30> = \"New Customer\\nRegister Account\\nBy creating an account you will be able to shop faster, be up to date on an order's s...ddress Book\\nWish List\\nOrder History\\nDownloads\\nRecurring payments\\nReward Points\\nReturns\\nTransactions\\nNewsletter\".__contains__\n +      where \"New Customer\\nRegister Account\\nBy creating an account you will be able to shop faster, be up to date on an order's s...ddress Book\\nWish List\\nOrder History\\nDownloads\\nRecurring payments\\nReward Points\\nReturns\\nTransactions\\nNewsletter\" = retrieve_warning_message()\n +        where retrieve_warning_message = <POM.LoginPage.LoginPage object at 0x0000020E0FCE40D0>.retrieve_warning_message", "trace": "self = <tests.test_login.TestLogin object at 0x0000020E0FB2C700>\n\n    def test_login_with_invalid_email_and_valid_password(self):\n        home_page = HomePage(self.driver)\n        login_page = home_page.navigate_to_login_page()\n        login_page.login_to_application(self.generate_email_with_time_stamp(), \"Deepak@08\")\n        expected_warning_message = \"Warning: No match for E-Mail Address and/or Password.\"\n>       assert login_page.retrieve_warning_message().__contains__(expected_warning_message)\nE       assert False\nE        +  where False = <method-wrapper '__contains__' of str object at 0x0000020E0C109D30>('Warning: No match for E-Mail Address and/or Password.')\nE        +    where <method-wrapper '__contains__' of str object at 0x0000020E0C109D30> = \"New Customer\\nRegister Account\\nBy creating an account you will be able to shop faster, be up to date on an order's s...ddress Book\\nWish List\\nOrder History\\nDownloads\\nRecurring payments\\nReward Points\\nReturns\\nTransactions\\nNewsletter\".__contains__\nE        +      where \"New Customer\\nRegister Account\\nBy creating an account you will be able to shop faster, be up to date on an order's s...ddress Book\\nWish List\\nOrder History\\nDownloads\\nRecurring payments\\nReward Points\\nReturns\\nTransactions\\nNewsletter\" = retrieve_warning_message()\nE        +        where retrieve_warning_message = <POM.LoginPage.LoginPage object at 0x0000020E0FCE40D0>.retrieve_warning_message\n\ntests\\test_login.py:37: AssertionError"}, "start": 1766389729128, "stop": 1766389730566, "uuid": "250b806f-87ba-435c-bd12-9ac87135f2f0", "historyId": "cd3500ccb6b16a398d3c5c6e5203a23d", "testCaseId": "cd3500ccb6b16a398d3c5c6e5203a23d", "fullName": "tests.test_login.TestLogin#test_login_with_invalid_email_and_valid_password", "labels": [{"name": "parentSuite", "value": "tests"}, {"name": "suite", "value": "test_login"}, {"name": "subSuite", "value": "TestLogin"}, {"name": "host", "value": "LAPTOP-CJD14FBS"}, {"name": "thread", "value": "12128-MainThread"}, {"name": "framework", "value": "pytest"}, {"name": "language", "value": "cpython3"}, {"name": "package", "value": "tests.test_login"}], "titlePath": ["tests", "test_login.py", "TestLogin"]}