{"name": "test_register_with_all_fields", "status": "failed", "statusDetails": {"message": "AssertionError: assert False\n +  where False = <method-wrapper '__eq__' of str object at 0x0000020E0FB16490>('Your Account Has Been Created!')\n +    where <method-wrapper '__eq__' of str object at 0x0000020E0FB16490> = 'Register Account'.__eq__\n +      where 'Register Account' = retrieve_account_creation_message()\n +        where retrieve_account_creation_message = <POM.AccountSuccessPage.AccountSuccessPage object at 0x0000020E0FBB7C40>.retrieve_account_creation_message", "trace": "self = <tests.test_Register.TestRegister object at 0x0000020E0FABBBB0>\n\n    def test_register_with_all_fields(self):\n        home_page = HomePage(self.driver)\n        register_page = home_page.navigate_to_register_page()\n        account_success_page = register_page.register_an_account(\"Arjun\", \"Reddy\",self.generate_email_with_time_stamp(), \"1234567770\", \"12345\", \"12345\", \"yes\", \"select\")\n        expected_heading_text = \"Your Account Has Been Created!\"\n>       assert account_success_page.retrieve_account_creation_message().__eq__(expected_heading_text)\nE       AssertionError: assert False\nE        +  where False = <method-wrapper '__eq__' of str object at 0x0000020E0FB16490>('Your Account Has Been Created!')\nE        +    where <method-wrapper '__eq__' of str object at 0x0000020E0FB16490> = 'Register Account'.__eq__\nE        +      where 'Register Account' = retrieve_account_creation_message()\nE        +        where retrieve_account_creation_message = <POM.AccountSuccessPage.AccountSuccessPage object at 0x0000020E0FBB7C40>.retrieve_account_creation_message\n\ntests\\test_Register.py:23: AssertionError"}, "start": 1766389634950, "stop": 1766389639023, "uuid": "85479462-5e5d-4094-ab27-1b7db8a7bd86", "historyId": "37b6788bf747ecfc6f794e2f810c804e", "testCaseId": "37b6788bf747ecfc6f794e2f810c804e", "fullName": "tests.test_Register.TestRegister#test_register_with_all_fields", "labels": [{"name": "parentSuite", "value": "tests"}, {"name": "suite", "value": "test_Register"}, {"name": "subSuite", "value": "TestRegister"}, {"name": "host", "value": "LAPTOP-CJD14FBS"}, {"name": "thread", "value": "12128-MainThread"}, {"name": "framework", "value": "pytest"}, {"name": "language", "value": "cpython3"}, {"name": "package", "value": "tests.test_Register"}], "titlePath": ["tests", "test_Register.py", "TestRegister"]}