{"name": "test_search_without_entering_any_product", "status": "broken", "statusDetails": {"message": "selenium.common.exceptions.TimeoutException: Message: \nStacktrace:\nSymbols not available. Dumping unresolved backtrace:\n\t0x7ff60da788e5\n\t0x7ff60da78940\n\t0x7ff60d85165d\n\t0x7ff60d8a9a33\n\t0x7ff60d8a9d3c\n\t0x7ff60d8fdf67\n\t0x7ff60d8fac97\n\t0x7ff60d89ac29\n\t0x7ff60d89ba93\n\t0x7ff60dd90640\n\t0x7ff60dd8af80\n\t0x7ff60dda96e6\n\t0x7ff60da95de4\n\t0x7ff60da9ed8c\n\t0x7ff60da82004\n\t0x7ff60da821b5\n\t0x7ff60da67ee2\n\t0x7ffc1111e8d7\n\t0x7ffc129ec53c", "trace": "self = <tests.test_Search.TestSearch object at 0x0000020E0FACE730>\n\n    def test_search_without_entering_any_product(self):\n        home_page = HomePage(self.driver)\n        search_page = home_page.search_for_a_product(\" \")\n        sleep(2)\n        expected_test = \"There is no product that matches the search criteria.\"\n>       assert search_page.retrieve_no_product_message() == expected_test\n\ntests\\test_Search.py:30: \n_ _ _ _ _ _ _ _ _ _ _ _ _ _ _ _ _ _ _ _ _ _ _ _ _ _ _ _ _ _ _ _ _ _ _ _ _ _ _ _ _ _ _ _ _ _ _ _ _ _ _ _ _ _ _ _ _ _ _ _ _ _ _ _ _ _ _ _ _ _ _ _ _ _ _ _ _ _ _ _ _ _ _ _ _ _ _ _ _ \nPOM\\SearchPage.py:24: in retrieve_no_product_message\n    self.retrieve_element_text(\"no_product_message_xpath\",self.no_product_message_xpath)\nPOM\\BasePage.py:26: in retrieve_element_text\n    element = self.get_element(locator_name,  locator_value)\nPOM\\BasePage.py:61: in get_element\n    return wait.until(EC.presence_of_element_located((By.XPATH, locator_value)))\n_ _ _ _ _ _ _ _ _ _ _ _ _ _ _ _ _ _ _ _ _ _ _ _ _ _ _ _ _ _ _ _ _ _ _ _ _ _ _ _ _ _ _ _ _ _ _ _ _ _ _ _ _ _ _ _ _ _ _ _ _ _ _ _ _ _ _ _ _ _ _ _ _ _ _ _ _ _ _ _ _ _ _ _ _ _ _ _ _ \n\nself = <selenium.webdriver.support.wait.WebDriverWait (session=\"7a3a4d920c627ccb37ed6a8b41625f55\")>\nmethod = <function presence_of_element_located.<locals>._predicate at 0x0000020E0FC0DD30>, message = ''\n\n    def until(self, method: Callable[[D], Union[Literal[False], T]], message: str = \"\") -> T:\n        \"\"\"Wait until the method returns a value that is not False.\n    \n        Calls the method provided with the driver as an argument until the\n        return value does not evaluate to ``False``.\n    \n        Parameters:\n        -----------\n        method: callable(WebDriver)\n            - A callable object that takes a WebDriver instance as an argument.\n    \n        message: str\n            - Optional message for :exc:`TimeoutException`\n    \n        Return:\n        -------\n        object: T\n            - The result of the last call to `method`\n    \n        Raises:\n        -------\n        TimeoutException\n            - If 'method' does not return a truthy value within the WebDriverWait\n            object's timeout\n    \n        Example:\n        --------\n        >>> from selenium.webdriver.common.by import By\n        >>> from selenium.webdriver.support.ui import WebDriverWait\n        >>> from selenium.webdriver.support import expected_conditions as EC\n    \n        # Wait until an element is visible on the page\n        >>> wait = WebDriverWait(driver, 10)\n        >>> element = wait.until(EC.visibility_of_element_located((By.ID, \"exampleId\")))\n        >>> print(element.text)\n        \"\"\"\n        screen = None\n        stacktrace = None\n    \n        end_time = time.monotonic() + self._timeout\n        while True:\n            try:\n                value = method(self._driver)\n                if value:\n                    return value\n            except self._ignored_exceptions as exc:\n                screen = getattr(exc, \"screen\", None)\n                stacktrace = getattr(exc, \"stacktrace\", None)\n            if time.monotonic() > end_time:\n                break\n            time.sleep(self._poll)\n>       raise TimeoutException(message, screen, stacktrace)\nE       selenium.common.exceptions.TimeoutException: Message: \nE       Stacktrace:\nE       Symbols not available. Dumping unresolved backtrace:\nE       \t0x7ff60da788e5\nE       \t0x7ff60da78940\nE       \t0x7ff60d85165d\nE       \t0x7ff60d8a9a33\nE       \t0x7ff60d8a9d3c\nE       \t0x7ff60d8fdf67\nE       \t0x7ff60d8fac97\nE       \t0x7ff60d89ac29\nE       \t0x7ff60d89ba93\nE       \t0x7ff60dd90640\nE       \t0x7ff60dd8af80\nE       \t0x7ff60dda96e6\nE       \t0x7ff60da95de4\nE       \t0x7ff60da9ed8c\nE       \t0x7ff60da82004\nE       \t0x7ff60da821b5\nE       \t0x7ff60da67ee2\nE       \t0x7ffc1111e8d7\nE       \t0x7ffc129ec53c\n\n.venv\\lib\\site-packages\\selenium\\webdriver\\support\\wait.py:138: TimeoutException"}, "start": 1766389675723, "stop": 1766389695726, "uuid": "e9532571-50e3-4711-9b36-9fc479c060aa", "historyId": "05faa69b42346d7fd4713a5dbe872b45", "testCaseId": "05faa69b42346d7fd4713a5dbe872b45", "fullName": "tests.test_Search.TestSearch#test_search_without_entering_any_product", "labels": [{"name": "parentSuite", "value": "tests"}, {"name": "suite", "value": "test_Search"}, {"name": "subSuite", "value": "TestSearch"}, {"name": "host", "value": "LAPTOP-CJD14FBS"}, {"name": "thread", "value": "12128-MainThread"}, {"name": "framework", "value": "pytest"}, {"name": "language", "value": "cpython3"}, {"name": "package", "value": "tests.test_Search"}], "titlePath": ["tests", "test_Search.py", "TestSearch"]}